<?xml version="1.0" encoding="UTF-8"?>
<!-- Generated by org.testng.reporters.JUnitReportReporter -->
<testsuite hostname="DESKTOP-JER5TCF" failures="0" tests="1" name="com.alibaba.TC_Alibaba" time="44.712" errors="0" timestamp="2021-05-05T22:20:10 GMT-12:00" skipped="0">
  <testcase classname="com.alibaba.TC_Alibaba" name="AlibabaSearch" time="44.712"/>
  <system-out/>
</testsuite> <!-- com.alibaba.TC_Alibaba -->
